number is is 1
number is is 2
number is is 3
number is is 4
number is is 5
number is is 6
number is is 7
number is is 8
number is is 9
number is is 10
name is Raju
name is Sham
name is Baburao
wildcard numner is 1
wildcard numner is 2
wildcard numner is 3
wildcard numner is 4
wildcard numner is 5
wildcard numner is 6
wildcard numner is 7
wildcard numner is 8
wildcard numner is 9
wildcard numner is 10
wildcard numner is 11
wildcard numner is 12
wildcard numner is 13
wildcard numner is 14
wildcard numner is 15
wildcard numner is 16
wildcard numner is 17
wildcard numner is 18
wildcard numner is 19
wildcard numner is 20
